<?xml version="1.0" encoding="UTF-8"?>
<!-- Generated by org.testng.reporters.JUnitReportReporter -->
<testsuite hostname="ubuntu" name="site.ycsb.measurements.exporter.TestMeasurementsExporter" tests="1" failures="0" timestamp="29 Oct 2020 10:38:19 GMT" time="0.176" errors="0">
  <testcase name="testJSONArrayMeasurementsExporter" time="0.176" classname="site.ycsb.measurements.exporter.TestMeasurementsExporter"/>
</testsuite>
