<?xml version="1.0" encoding="UTF-8"?>
<!-- Generated by org.testng.reporters.JUnitReportReporter -->
<testsuite hostname="ubuntu" name="site.ycsb.TestStatus" tests="1" failures="0" timestamp="29 Oct 2020 10:38:19 GMT" time="0.002" errors="0">
  <testcase name="testAcceptableStatus" time="0.002" classname="site.ycsb.TestStatus"/>
</testsuite>
