<?xml version="1.0" encoding="UTF-8"?>
<!-- Generated by org.testng.reporters.JUnitReportReporter -->
<testsuite hostname="ubuntu" name="site.ycsb.generator.TestZipfianGenerator" tests="1" failures="0" timestamp="29 Oct 2020 10:38:19 GMT" time="0.005" errors="0">
  <testcase name="testMinAndMaxParameter" time="0.005" classname="site.ycsb.generator.TestZipfianGenerator"/>
</testsuite>
