<?xml version="1.0" encoding="UTF-8"?>
<!-- Generated by org.testng.reporters.JUnitReportReporter -->
<testsuite hostname="ubuntu" name="site.ycsb.TestUtils" tests="6" failures="0" timestamp="29 Oct 2020 10:38:19 GMT" time="0.056" errors="0">
  <testcase name="bytesToDoubleTooShort" time="0.000" classname="site.ycsb.TestUtils"/>
  <testcase name="bytesToLongTooShort" time="0.000" classname="site.ycsb.TestUtils"/>
  <testcase name="bytesToFromDouble" time="0.001" classname="site.ycsb.TestUtils"/>
  <testcase name="jvmUtils" time="0.055" classname="site.ycsb.TestUtils"/>
  <testcase name="bytesToFromLong" time="0.000" classname="site.ycsb.TestUtils"/>
  <testcase name="bytesToLongNull" time="0.000" classname="site.ycsb.TestUtils"/>
</testsuite>
