<?xml version="1.0" encoding="UTF-8"?>
<!-- Generated by org.testng.reporters.JUnitReportReporter -->
<testsuite hostname="ubuntu" name="site.ycsb.generator.TestUnixEpochTimestampGenerator" tests="4" failures="0" timestamp="29 Oct 2020 10:38:19 GMT" time="0.005" errors="0">
  <testcase name="ctorWithIntervalAndUnitsAndStart" time="0.000" classname="site.ycsb.generator.TestUnixEpochTimestampGenerator"/>
  <testcase name="defaultCtor" time="0.000" classname="site.ycsb.generator.TestUnixEpochTimestampGenerator"/>
  <testcase name="ctorWithIntervalAndUnits" time="0.004" classname="site.ycsb.generator.TestUnixEpochTimestampGenerator"/>
  <testcase name="variousIntervalsAndUnits" time="0.001" classname="site.ycsb.generator.TestUnixEpochTimestampGenerator"/>
</testsuite>
