<?xml version="1.0" encoding="UTF-8"?>
<!-- Generated by org.testng.reporters.JUnitReportReporter -->
<testsuite hostname="ubuntu" name="site.ycsb.workloads.TestCoreWorkload" tests="2" failures="0" timestamp="29 Oct 2020 10:38:19 GMT" time="0.004" errors="0">
  <testcase name="createOperationChooserNullProperties" time="0.000" classname="site.ycsb.workloads.TestCoreWorkload"/>
  <testcase name="createOperationChooser" time="0.004" classname="site.ycsb.workloads.TestCoreWorkload"/>
</testsuite>
