<?xml version="1.0" encoding="UTF-8"?>
<!-- Generated by org.testng.reporters.JUnitReportReporter -->
<testsuite hostname="ubuntu" name="site.ycsb.generator.TestRandomDiscreteTimestampGenerator" tests="3" failures="0" timestamp="29 Oct 2020 10:38:19 GMT" time="0.036" errors="0">
  <testcase name="tooLarge" time="0.035" classname="site.ycsb.generator.TestRandomDiscreteTimestampGenerator"/>
  <testcase name="systemTime" time="0.001" classname="site.ycsb.generator.TestRandomDiscreteTimestampGenerator"/>
  <testcase name="withStartTime" time="0.000" classname="site.ycsb.generator.TestRandomDiscreteTimestampGenerator"/>
</testsuite>
