<?xml version="1.0" encoding="UTF-8"?>
<!-- Generated by org.testng.reporters.JUnitReportReporter -->
<testsuite hostname="ubuntu" name="site.ycsb.generator.AcknowledgedCounterGeneratorTest" tests="1" failures="0" timestamp="29 Oct 2020 10:38:19 GMT" time="0.455" errors="0">
  <testcase name="testIncrementPastIntegerMaxValue" time="0.455" classname="site.ycsb.generator.AcknowledgedCounterGeneratorTest"/>
</testsuite>
