<?xml version="1.0" encoding="UTF-8"?>
<testsuite name="TestSuite" time="0.78" tests="41" errors="0" skipped="0" failures="0">
  <properties>
    <property name="java.runtime.name" value="Java(TM) SE Runtime Environment"/>
    <property name="sun.boot.library.path" value="/home/wjf/jdk1.8.0_271/jre/lib/amd64"/>
    <property name="java.vm.version" value="25.271-b09"/>
    <property name="java.vm.vendor" value="Oracle Corporation"/>
    <property name="maven.multiModuleProjectDirectory" value="/home/wjf/YCSB-master"/>
    <property name="java.vendor.url" value="http://java.oracle.com/"/>
    <property name="path.separator" value=":"/>
    <property name="guice.disable.misplaced.annotation.check" value="true"/>
    <property name="java.vm.name" value="Java HotSpot(TM) 64-Bit Server VM"/>
    <property name="file.encoding.pkg" value="sun.io"/>
    <property name="user.country" value="CN"/>
    <property name="sun.java.launcher" value="SUN_STANDARD"/>
    <property name="sun.os.patch.level" value="unknown"/>
    <property name="java.vm.specification.name" value="Java Virtual Machine Specification"/>
    <property name="user.dir" value="/home/wjf/YCSB-master"/>
    <property name="java.runtime.version" value="1.8.0_271-b09"/>
    <property name="java.awt.graphicsenv" value="sun.awt.X11GraphicsEnvironment"/>
    <property name="java.endorsed.dirs" value="/home/wjf/jdk1.8.0_271/jre/lib/endorsed"/>
    <property name="os.arch" value="amd64"/>
    <property name="java.io.tmpdir" value="/tmp"/>
    <property name="line.separator" value="&#10;"/>
    <property name="java.vm.specification.vendor" value="Oracle Corporation"/>
    <property name="os.name" value="Linux"/>
    <property name="classworlds.conf" value="/usr/share/maven/bin/m2.conf"/>
    <property name="sun.jnu.encoding" value="UTF-8"/>
    <property name="java.library.path" value="/usr/java/packages/lib/amd64:/usr/lib64:/lib64:/lib:/usr/lib"/>
    <property name="java.specification.name" value="Java Platform API Specification"/>
    <property name="java.class.version" value="52.0"/>
    <property name="sun.management.compiler" value="HotSpot 64-Bit Tiered Compilers"/>
    <property name="os.version" value="4.15.0-122-generic"/>
    <property name="user.home" value="/home/wjf"/>
    <property name="user.timezone" value="Asia/Shanghai"/>
    <property name="java.awt.printerjob" value="sun.print.PSPrinterJob"/>
    <property name="file.encoding" value="UTF-8"/>
    <property name="java.specification.version" value="1.8"/>
    <property name="user.name" value="wjf"/>
    <property name="java.class.path" value="/usr/share/maven/boot/plexus-classworlds-2.x.jar"/>
    <property name="java.vm.specification.version" value="1.8"/>
    <property name="sun.arch.data.model" value="64"/>
    <property name="java.home" value="/home/wjf/jdk1.8.0_271/jre"/>
    <property name="sun.java.command" value="org.codehaus.plexus.classworlds.launcher.Launcher -pl site.ycsb:rocksdb-binding -am clean package"/>
    <property name="java.specification.vendor" value="Oracle Corporation"/>
    <property name="user.language" value="zh"/>
    <property name="awt.toolkit" value="sun.awt.X11.XToolkit"/>
    <property name="java.vm.info" value="mixed mode"/>
    <property name="java.version" value="1.8.0_271"/>
    <property name="java.ext.dirs" value="/home/wjf/jdk1.8.0_271/jre/lib/ext:/usr/java/packages/lib/ext"/>
    <property name="securerandom.source" value="file:/dev/./urandom"/>
    <property name="sun.boot.class.path" value="/home/wjf/jdk1.8.0_271/jre/lib/resources.jar:/home/wjf/jdk1.8.0_271/jre/lib/rt.jar:/home/wjf/jdk1.8.0_271/jre/lib/sunrsasign.jar:/home/wjf/jdk1.8.0_271/jre/lib/jsse.jar:/home/wjf/jdk1.8.0_271/jre/lib/jce.jar:/home/wjf/jdk1.8.0_271/jre/lib/charsets.jar:/home/wjf/jdk1.8.0_271/jre/lib/jfr.jar:/home/wjf/jdk1.8.0_271/jre/classes"/>
    <property name="java.vendor" value="Oracle Corporation"/>
    <property name="maven.home" value="/usr/share/maven"/>
    <property name="file.separator" value="/"/>
    <property name="java.vendor.url.bug" value="http://bugreport.sun.com/bugreport/"/>
    <property name="sun.cpu.endian" value="little"/>
    <property name="sun.io.unicode.encoding" value="UnicodeLittle"/>
    <property name="sun.desktop" value="gnome"/>
    <property name="sun.cpu.isalist" value=""/>
  </properties>
  <testcase name="testRandomByteIterator" classname="site.ycsb.TestByteIterator" time="0.005"/>
  <testcase name="testDouble" classname="site.ycsb.TestNumericByteIterator" time="0"/>
  <testcase name="testLong" classname="site.ycsb.TestNumericByteIterator" time="0.002"/>
  <testcase name="testAcceptableStatus" classname="site.ycsb.TestStatus" time="0"/>
  <testcase name="bytesToDoubleTooShort" classname="site.ycsb.TestUtils" time="0"/>
  <testcase name="bytesToFromDouble" classname="site.ycsb.TestUtils" time="0"/>
  <testcase name="bytesToFromLong" classname="site.ycsb.TestUtils" time="0"/>
  <testcase name="bytesToLongNull" classname="site.ycsb.TestUtils" time="0"/>
  <testcase name="bytesToLongTooShort" classname="site.ycsb.TestUtils" time="0"/>
  <testcase name="jvmUtils" classname="site.ycsb.TestUtils" time="0.054"/>
  <testcase name="testIncrementPastIntegerMaxValue" classname="site.ycsb.generator.AcknowledgedCounterGeneratorTest" time="0.455"/>
  <testcase name="invalidCharacterSets" classname="site.ycsb.generator.TestIncrementingPrintableStringGenerator" time="0.001"/>
  <testcase name="invalidLengths" classname="site.ycsb.generator.TestIncrementingPrintableStringGenerator" time="0"/>
  <testcase name="rolloverException" classname="site.ycsb.generator.TestIncrementingPrintableStringGenerator" time="0"/>
  <testcase name="rolloverOK" classname="site.ycsb.generator.TestIncrementingPrintableStringGenerator" time="0"/>
  <testcase name="rolloverOneCharacterException" classname="site.ycsb.generator.TestIncrementingPrintableStringGenerator" time="0.002"/>
  <testcase name="rolloverOneCharacterOK" classname="site.ycsb.generator.TestIncrementingPrintableStringGenerator" time="0"/>
  <testcase name="systemTime" classname="site.ycsb.generator.TestRandomDiscreteTimestampGenerator" time="0"/>
  <testcase name="tooLarge" classname="site.ycsb.generator.TestRandomDiscreteTimestampGenerator" time="0.034"/>
  <testcase name="withStartTime" classname="site.ycsb.generator.TestRandomDiscreteTimestampGenerator" time="0.001"/>
  <testcase name="ctorWithIntervalAndUnits" classname="site.ycsb.generator.TestUnixEpochTimestampGenerator" time="0.003"/>
  <testcase name="ctorWithIntervalAndUnitsAndStart" classname="site.ycsb.generator.TestUnixEpochTimestampGenerator" time="0"/>
  <testcase name="defaultCtor" classname="site.ycsb.generator.TestUnixEpochTimestampGenerator" time="0"/>
  <testcase name="variousIntervalsAndUnits" classname="site.ycsb.generator.TestUnixEpochTimestampGenerator" time="0.001"/>
  <testcase name="testMinAndMaxParameter" classname="site.ycsb.generator.TestZipfianGenerator" time="0.005"/>
  <testcase name="testJSONArrayMeasurementsExporter" classname="site.ycsb.measurements.exporter.TestMeasurementsExporter" time="0.176"/>
  <testcase name="createOperationChooser" classname="site.ycsb.workloads.TestCoreWorkload" time="0.003"/>
  <testcase name="createOperationChooserNullProperties" classname="site.ycsb.workloads.TestCoreWorkload" time="0"/>
  <testcase name="badTimeUnit" classname="site.ycsb.workloads.TestTimeSeriesWorkload" time="0.002"/>
  <testcase name="failedToInitThread" classname="site.ycsb.workloads.TestTimeSeriesWorkload" time="0.001"/>
  <testcase name="failedToInitWorkloadBeforeThreadInit" classname="site.ycsb.workloads.TestTimeSeriesWorkload" time="0"/>
  <testcase name="insertOneKeyOneTagCardinalityOne" classname="site.ycsb.workloads.TestTimeSeriesWorkload" time="0.01"/>
  <testcase name="insertOneKeyTwoTagsLowCardinality" classname="site.ycsb.workloads.TestTimeSeriesWorkload" time="0.004"/>
  <testcase name="insertThreeKeysTwoThreads" classname="site.ycsb.workloads.TestTimeSeriesWorkload" time="0.001"/>
  <testcase name="insertTwoKeysTwoTagsLowCardinality" classname="site.ycsb.workloads.TestTimeSeriesWorkload" time="0.004"/>
  <testcase name="insertTwoKeysTwoThreads" classname="site.ycsb.workloads.TestTimeSeriesWorkload" time="0.001"/>
  <testcase name="insertWithValidation" classname="site.ycsb.workloads.TestTimeSeriesWorkload" time="0.002"/>
  <testcase name="read" classname="site.ycsb.workloads.TestTimeSeriesWorkload" time="0.001"/>
  <testcase name="twoThreads" classname="site.ycsb.workloads.TestTimeSeriesWorkload" time="0.003"/>
  <testcase name="validateSettingsDataIntegrity" classname="site.ycsb.workloads.TestTimeSeriesWorkload" time="0.002"/>
  <testcase name="verifyRow" classname="site.ycsb.workloads.TestTimeSeriesWorkload" time="0.007"/>
</testsuite>